{"/Users/eric/dev/oxcinit/src/commands/init.ts": {"path":"/Users/eric/dev/oxcinit/src/commands/init.ts","statementMap":{"0":{"start":{"line":23,"column":13},"end":{"line":23,"column":26}},"1":{"start":{"line":26,"column":7},"end":{"line":26,"column":58}},"2":{"start":{"line":27,"column":7},"end":{"line":27,"column":40}},"3":{"start":{"line":29,"column":1},"end":{"line":32,"column":null}},"4":{"start":{"line":30,"column":2},"end":{"line":30,"column":null}},"5":{"start":{"line":31,"column":2},"end":{"line":31,"column":null}},"6":{"start":{"line":32,"column":2},"end":{"line":32,"column":null}},"7":{"start":{"line":35,"column":1},"end":{"line":38,"column":null}},"8":{"start":{"line":36,"column":2},"end":{"line":36,"column":null}},"9":{"start":{"line":37,"column":2},"end":{"line":37,"column":null}},"10":{"start":{"line":38,"column":2},"end":{"line":38,"column":null}},"11":{"start":{"line":41,"column":1},"end":{"line":41,"column":null}},"12":{"start":{"line":44,"column":1},"end":{"line":57,"column":null}},"13":{"start":{"line":45,"column":8},"end":{"line":45,"column":67}},"14":{"start":{"line":46,"column":8},"end":{"line":46,"column":42}},"15":{"start":{"line":48,"column":2},"end":{"line":52,"column":null}},"16":{"start":{"line":49,"column":3},"end":{"line":49,"column":null}},"17":{"start":{"line":50,"column":3},"end":{"line":50,"column":null}},"18":{"start":{"line":51,"column":3},"end":{"line":51,"column":null}},"19":{"start":{"line":52,"column":3},"end":{"line":52,"column":null}},"20":{"start":{"line":55,"column":2},"end":{"line":55,"column":null}},"21":{"start":{"line":57,"column":2},"end":{"line":57,"column":null}},"22":{"start":{"line":61,"column":24},"end":{"line":61,"column":55}},"23":{"start":{"line":62,"column":1},"end":{"line":62,"column":null}},"24":{"start":{"line":65,"column":1},"end":{"line":65,"column":null}},"25":{"start":{"line":66,"column":1},"end":{"line":66,"column":null}},"26":{"start":{"line":69,"column":1},"end":{"line":69,"column":null}},"27":{"start":{"line":70,"column":7},"end":{"line":70,"column":49}},"28":{"start":{"line":71,"column":23},"end":{"line":71,"column":61}},"29":{"start":{"line":72,"column":1},"end":{"line":73,"column":null}},"30":{"start":{"line":73,"column":2},"end":{"line":73,"column":null}},"31":{"start":{"line":77,"column":1},"end":{"line":77,"column":null}},"32":{"start":{"line":79,"column":1},"end":{"line":84,"column":null}},"33":{"start":{"line":86,"column":1},"end":{"line":92,"column":null}},"34":{"start":{"line":94,"column":1},"end":{"line":94,"column":null}},"35":{"start":{"line":96,"column":1},"end":{"line":101,"column":null}},"36":{"start":{"line":103,"column":1},"end":{"line":103,"column":null}},"37":{"start":{"line":106,"column":1},"end":{"line":106,"column":null}},"38":{"start":{"line":107,"column":1},"end":{"line":107,"column":null}},"39":{"start":{"line":108,"column":1},"end":{"line":108,"column":null}},"40":{"start":{"line":109,"column":1},"end":{"line":109,"column":null}},"41":{"start":{"line":110,"column":1},"end":{"line":110,"column":null}},"42":{"start":{"line":111,"column":1},"end":{"line":111,"column":null}}},"fnMap":{"0":{"name":"initCommand","decl":{"start":{"line":22,"column":22},"end":{"line":22,"column":34}},"loc":{"start":{"line":22,"column":71},"end":{"line":111,"column":null}},"line":22}},"branchMap":{"0":{"loc":{"start":{"line":29,"column":1},"end":{"line":32,"column":null}},"type":"if","locations":[{"start":{"line":29,"column":1},"end":{"line":32,"column":null}},{"start":{},"end":{}}],"line":29},"1":{"loc":{"start":{"line":35,"column":1},"end":{"line":38,"column":null}},"type":"if","locations":[{"start":{"line":35,"column":1},"end":{"line":38,"column":null}},{"start":{},"end":{}}],"line":35},"2":{"loc":{"start":{"line":44,"column":1},"end":{"line":57,"column":null}},"type":"if","locations":[{"start":{"line":44,"column":1},"end":{"line":57,"column":null}},{"start":{"line":56,"column":8},"end":{"line":57,"column":null}}],"line":44},"3":{"loc":{"start":{"line":48,"column":2},"end":{"line":52,"column":null}},"type":"if","locations":[{"start":{"line":48,"column":2},"end":{"line":52,"column":null}},{"start":{},"end":{}}],"line":48},"4":{"loc":{"start":{"line":72,"column":1},"end":{"line":73,"column":null}},"type":"if","locations":[{"start":{"line":72,"column":1},"end":{"line":73,"column":null}},{"start":{},"end":{}}],"line":72}},"s":{"0":0,"1":0,"2":0,"3":0,"4":0,"5":0,"6":0,"7":0,"8":0,"9":0,"10":0,"11":0,"12":0,"13":0,"14":0,"15":0,"16":0,"17":0,"18":0,"19":0,"20":0,"21":0,"22":0,"23":0,"24":0,"25":0,"26":0,"27":0,"28":0,"29":0,"30":0,"31":0,"32":0,"33":0,"34":0,"35":0,"36":0,"37":0,"38":0,"39":0,"40":0,"41":0,"42":0},"f":{"0":0},"b":{"0":[0,0],"1":[0,0],"2":[0,0],"3":[0,0],"4":[0,0]},"meta":{"lastBranch":5,"lastFunction":1,"lastStatement":43,"seen":{"f:22:22:22:34":0,"s:23:13:23:26":0,"s:26:7:26:58":1,"s:27:7:27:40":2,"b:29:1:32:Infinity:undefined:undefined:undefined:undefined":0,"s:29:1:32:Infinity":3,"s:30:2:30:Infinity":4,"s:31:2:31:Infinity":5,"s:32:2:32:Infinity":6,"b:35:1:38:Infinity:undefined:undefined:undefined:undefined":1,"s:35:1:38:Infinity":7,"s:36:2:36:Infinity":8,"s:37:2:37:Infinity":9,"s:38:2:38:Infinity":10,"s:41:1:41:Infinity":11,"b:44:1:57:Infinity:56:8:57:Infinity":2,"s:44:1:57:Infinity":12,"s:45:8:45:67":13,"s:46:8:46:42":14,"b:48:2:52:Infinity:undefined:undefined:undefined:undefined":3,"s:48:2:52:Infinity":15,"s:49:3:49:Infinity":16,"s:50:3:50:Infinity":17,"s:51:3:51:Infinity":18,"s:52:3:52:Infinity":19,"s:55:2:55:Infinity":20,"s:57:2:57:Infinity":21,"s:61:24:61:55":22,"s:62:1:62:Infinity":23,"s:65:1:65:Infinity":24,"s:66:1:66:Infinity":25,"s:69:1:69:Infinity":26,"s:70:7:70:49":27,"s:71:23:71:61":28,"b:72:1:73:Infinity:undefined:undefined:undefined:undefined":4,"s:72:1:73:Infinity":29,"s:73:2:73:Infinity":30,"s:77:1:77:Infinity":31,"s:79:1:84:Infinity":32,"s:86:1:92:Infinity":33,"s:94:1:94:Infinity":34,"s:96:1:101:Infinity":35,"s:103:1:103:Infinity":36,"s:106:1:106:Infinity":37,"s:107:1:107:Infinity":38,"s:108:1:108:Infinity":39,"s:109:1:109:Infinity":40,"s:110:1:110:Infinity":41,"s:111:1:111:Infinity":42}}}
,"/Users/eric/dev/oxcinit/src/modules/commitlint.ts": {"path":"/Users/eric/dev/oxcinit/src/modules/commitlint.ts","statementMap":{"0":{"start":{"line":14,"column":7},"end":{"line":14,"column":56}},"1":{"start":{"line":16,"column":1},"end":{"line":30,"column":null}},"2":{"start":{"line":17,"column":2},"end":{"line":17,"column":null}},"3":{"start":{"line":19,"column":2},"end":{"line":30,"column":null}},"4":{"start":{"line":20,"column":3},"end":{"line":20,"column":null}},"5":{"start":{"line":21,"column":3},"end":{"line":25,"column":null}},"6":{"start":{"line":26,"column":3},"end":{"line":26,"column":null}},"7":{"start":{"line":28,"column":3},"end":{"line":28,"column":null}},"8":{"start":{"line":29,"column":3},"end":{"line":29,"column":null}},"9":{"start":{"line":30,"column":3},"end":{"line":30,"column":null}},"10":{"start":{"line":35,"column":7},"end":{"line":35,"column":60}},"11":{"start":{"line":37,"column":1},"end":{"line":49,"column":null}},"12":{"start":{"line":38,"column":24},"end":{"line":45,"column":4}},"13":{"start":{"line":47,"column":2},"end":{"line":49,"column":null}},"14":{"start":{"line":48,"column":3},"end":{"line":48,"column":null}},"15":{"start":{"line":49,"column":3},"end":{"line":49,"column":null}},"16":{"start":{"line":53,"column":1},"end":{"line":58,"column":null}},"17":{"start":{"line":54,"column":2},"end":{"line":54,"column":null}},"18":{"start":{"line":55,"column":2},"end":{"line":55,"column":null}},"19":{"start":{"line":57,"column":2},"end":{"line":57,"column":null}},"20":{"start":{"line":58,"column":2},"end":{"line":58,"column":null}},"21":{"start":{"line":61,"column":1},"end":{"line":61,"column":null}}},"fnMap":{"0":{"name":"setupCommitlint","decl":{"start":{"line":9,"column":22},"end":{"line":9,"column":null}},"loc":{"start":{"line":13,"column":20},"end":{"line":61,"column":null}},"line":13}},"branchMap":{"0":{"loc":{"start":{"line":16,"column":1},"end":{"line":30,"column":null}},"type":"if","locations":[{"start":{"line":16,"column":1},"end":{"line":30,"column":null}},{"start":{"line":18,"column":8},"end":{"line":30,"column":null}}],"line":16},"1":{"loc":{"start":{"line":37,"column":1},"end":{"line":49,"column":null}},"type":"if","locations":[{"start":{"line":37,"column":1},"end":{"line":49,"column":null}},{"start":{},"end":{}}],"line":37},"2":{"loc":{"start":{"line":47,"column":2},"end":{"line":49,"column":null}},"type":"if","locations":[{"start":{"line":47,"column":2},"end":{"line":49,"column":null}},{"start":{},"end":{}}],"line":47}},"s":{"0":0,"1":0,"2":0,"3":0,"4":0,"5":0,"6":0,"7":0,"8":0,"9":0,"10":0,"11":0,"12":0,"13":0,"14":0,"15":0,"16":0,"17":0,"18":0,"19":0,"20":0,"21":0},"f":{"0":0},"b":{"0":[0,0],"1":[0,0],"2":[0,0]},"meta":{"lastBranch":3,"lastFunction":1,"lastStatement":22,"seen":{"f:9:22:9:Infinity":0,"s:14:7:14:56":0,"b:16:1:30:Infinity:18:8:30:Infinity":0,"s:16:1:30:Infinity":1,"s:17:2:17:Infinity":2,"s:19:2:30:Infinity":3,"s:20:3:20:Infinity":4,"s:21:3:25:Infinity":5,"s:26:3:26:Infinity":6,"s:28:3:28:Infinity":7,"s:29:3:29:Infinity":8,"s:30:3:30:Infinity":9,"s:35:7:35:60":10,"b:37:1:49:Infinity:undefined:undefined:undefined:undefined":1,"s:37:1:49:Infinity":11,"s:38:24:45:4":12,"b:47:2:49:Infinity:undefined:undefined:undefined:undefined":2,"s:47:2:49:Infinity":13,"s:48:3:48:Infinity":14,"s:49:3:49:Infinity":15,"s:53:1:58:Infinity":16,"s:54:2:54:Infinity":17,"s:55:2:55:Infinity":18,"s:57:2:57:Infinity":19,"s:58:2:58:Infinity":20,"s:61:1:61:Infinity":21}}}
,"/Users/eric/dev/oxcinit/src/modules/editor-setup.ts": {"path":"/Users/eric/dev/oxcinit/src/modules/editor-setup.ts","statementMap":{"0":{"start":{"line":16,"column":21},"end":{"line":28,"column":3}},"1":{"start":{"line":30,"column":1},"end":{"line":30,"column":null}},"2":{"start":{"line":34,"column":7},"end":{"line":34,"column":42}},"3":{"start":{"line":35,"column":7},"end":{"line":35,"column":65}},"4":{"start":{"line":37,"column":1},"end":{"line":37,"column":null}},"5":{"start":{"line":39,"column":1},"end":{"line":39,"column":null}},"6":{"start":{"line":43,"column":7},"end":{"line":43,"column":36}},"7":{"start":{"line":44,"column":7},"end":{"line":44,"column":59}},"8":{"start":{"line":46,"column":1},"end":{"line":46,"column":null}},"9":{"start":{"line":48,"column":1},"end":{"line":48,"column":null}},"10":{"start":{"line":52,"column":25},"end":{"line":52,"column":54}},"11":{"start":{"line":53,"column":35},"end":{"line":56,"column":null}},"12":{"start":{"line":58,"column":1},"end":{"line":75,"column":null}},"13":{"start":{"line":59,"column":23},"end":{"line":73,"column":4}},"14":{"start":{"line":75,"column":2},"end":{"line":75,"column":null}},"15":{"start":{"line":78,"column":1},"end":{"line":95,"column":null}},"16":{"start":{"line":79,"column":23},"end":{"line":93,"column":4}},"17":{"start":{"line":95,"column":2},"end":{"line":95,"column":null}},"18":{"start":{"line":98,"column":1},"end":{"line":98,"column":null}}},"fnMap":{"0":{"name":"promptEditorSelection","decl":{"start":{"line":15,"column":22},"end":{"line":15,"column":69}},"loc":{"start":{"line":15,"column":69},"end":{"line":30,"column":null}},"line":15},"1":{"name":"setupVSCode","decl":{"start":{"line":33,"column":22},"end":{"line":33,"column":34}},"loc":{"start":{"line":33,"column":100},"end":{"line":39,"column":null}},"line":33},"2":{"name":"setupZed","decl":{"start":{"line":42,"column":22},"end":{"line":42,"column":31}},"loc":{"start":{"line":42,"column":97},"end":{"line":48,"column":null}},"line":42},"3":{"name":"setupEditors","decl":{"start":{"line":51,"column":22},"end":{"line":51,"column":35}},"loc":{"start":{"line":51,"column":76},"end":{"line":98,"column":null}},"line":51}},"branchMap":{"0":{"loc":{"start":{"line":33,"column":47},"end":{"line":33,"column":100}},"type":"default-arg","locations":[{"start":{"line":33,"column":73},"end":{"line":33,"column":100}}],"line":33},"1":{"loc":{"start":{"line":42,"column":44},"end":{"line":42,"column":97}},"type":"default-arg","locations":[{"start":{"line":42,"column":70},"end":{"line":42,"column":97}}],"line":42},"2":{"loc":{"start":{"line":58,"column":1},"end":{"line":75,"column":null}},"type":"if","locations":[{"start":{"line":58,"column":1},"end":{"line":75,"column":null}},{"start":{},"end":{}}],"line":58},"3":{"loc":{"start":{"line":78,"column":1},"end":{"line":95,"column":null}},"type":"if","locations":[{"start":{"line":78,"column":1},"end":{"line":95,"column":null}},{"start":{},"end":{}}],"line":78}},"s":{"0":0,"1":0,"2":0,"3":0,"4":0,"5":0,"6":0,"7":0,"8":0,"9":0,"10":0,"11":0,"12":0,"13":0,"14":0,"15":0,"16":0,"17":0,"18":0},"f":{"0":0,"1":0,"2":0,"3":0},"b":{"0":[0],"1":[0],"2":[0,0],"3":[0,0]},"meta":{"lastBranch":4,"lastFunction":4,"lastStatement":19,"seen":{"f:15:22:15:69":0,"s:16:21:28:3":0,"s:30:1:30:Infinity":1,"f:33:22:33:34":1,"b:33:73:33:100":0,"s:34:7:34:42":2,"s:35:7:35:65":3,"s:37:1:37:Infinity":4,"s:39:1:39:Infinity":5,"f:42:22:42:31":2,"b:42:70:42:97":1,"s:43:7:43:36":6,"s:44:7:44:59":7,"s:46:1:46:Infinity":8,"s:48:1:48:Infinity":9,"f:51:22:51:35":3,"s:52:25:52:54":10,"s:53:35:56:Infinity":11,"b:58:1:75:Infinity:undefined:undefined:undefined:undefined":2,"s:58:1:75:Infinity":12,"s:59:23:73:4":13,"s:75:2:75:Infinity":14,"b:78:1:95:Infinity:undefined:undefined:undefined:undefined":3,"s:78:1:95:Infinity":15,"s:79:23:93:4":16,"s:95:2:95:Infinity":17,"s:98:1:98:Infinity":18}}}
,"/Users/eric/dev/oxcinit/src/modules/env-check.ts": {"path":"/Users/eric/dev/oxcinit/src/modules/env-check.ts","statementMap":{"0":{"start":{"line":22,"column":7},"end":{"line":22,"column":53}},"1":{"start":{"line":23,"column":7},"end":{"line":23,"column":51}},"2":{"start":{"line":25,"column":1},"end":{"line":37,"column":null}},"3":{"start":{"line":26,"column":2},"end":{"line":37,"column":null}},"4":{"start":{"line":41,"column":1},"end":{"line":55,"column":null}},"5":{"start":{"line":42,"column":2},"end":{"line":42,"column":null}},"6":{"start":{"line":44,"column":2},"end":{"line":55,"column":null}},"7":{"start":{"line":58,"column":27},"end":{"line":58,"column":63}},"8":{"start":{"line":60,"column":1},"end":{"line":65,"column":null}},"9":{"start":{"line":69,"column":14},"end":{"line":72,"column":null}},"10":{"start":{"line":74,"column":1},"end":{"line":80,"column":null}}},"fnMap":{"0":{"name":"checkEnvironment","decl":{"start":{"line":21,"column":16},"end":{"line":21,"column":33}},"loc":{"start":{"line":21,"column":70},"end":{"line":65,"column":null}},"line":21},"1":{"name":"detectInstalledPackages","decl":{"start":{"line":68,"column":9},"end":{"line":68,"column":33}},"loc":{"start":{"line":68,"column":78},"end":{"line":80,"column":null}},"line":68}},"branchMap":{"0":{"loc":{"start":{"line":25,"column":1},"end":{"line":37,"column":null}},"type":"if","locations":[{"start":{"line":25,"column":1},"end":{"line":37,"column":null}},{"start":{},"end":{}}],"line":25}},"s":{"0":4,"1":4,"2":4,"3":1,"4":3,"5":3,"6":1,"7":2,"8":2,"9":2,"10":2},"f":{"0":4,"1":2},"b":{"0":[1,3]},"meta":{"lastBranch":1,"lastFunction":2,"lastStatement":11,"seen":{"f:21:16:21:33":0,"s:22:7:22:53":0,"s:23:7:23:51":1,"b:25:1:37:Infinity:undefined:undefined:undefined:undefined":0,"s:25:1:37:Infinity":2,"s:26:2:37:Infinity":3,"s:41:1:55:Infinity":4,"s:42:2:42:Infinity":5,"s:44:2:55:Infinity":6,"s:58:27:58:63":7,"s:60:1:65:Infinity":8,"f:68:9:68:33":1,"s:69:14:72:Infinity":9,"s:74:1:80:Infinity":10}}}
,"/Users/eric/dev/oxcinit/src/modules/husky.ts": {"path":"/Users/eric/dev/oxcinit/src/modules/husky.ts","statementMap":{"0":{"start":{"line":14,"column":7},"end":{"line":14,"column":51}},"1":{"start":{"line":16,"column":1},"end":{"line":26,"column":null}},"2":{"start":{"line":17,"column":2},"end":{"line":17,"column":null}},"3":{"start":{"line":19,"column":2},"end":{"line":26,"column":null}},"4":{"start":{"line":20,"column":3},"end":{"line":20,"column":null}},"5":{"start":{"line":21,"column":3},"end":{"line":21,"column":null}},"6":{"start":{"line":22,"column":3},"end":{"line":22,"column":null}},"7":{"start":{"line":24,"column":3},"end":{"line":24,"column":null}},"8":{"start":{"line":25,"column":3},"end":{"line":25,"column":null}},"9":{"start":{"line":26,"column":3},"end":{"line":26,"column":null}},"10":{"start":{"line":31,"column":7},"end":{"line":31,"column":40}},"11":{"start":{"line":32,"column":7},"end":{"line":32,"column":54}},"12":{"start":{"line":33,"column":7},"end":{"line":33,"column":54}},"13":{"start":{"line":35,"column":1},"end":{"line":41,"column":null}},"14":{"start":{"line":36,"column":2},"end":{"line":36,"column":null}},"15":{"start":{"line":37,"column":2},"end":{"line":37,"column":null}},"16":{"start":{"line":38,"column":2},"end":{"line":38,"column":null}},"17":{"start":{"line":41,"column":2},"end":{"line":41,"column":null}},"18":{"start":{"line":45,"column":1},"end":{"line":45,"column":null}},"19":{"start":{"line":48,"column":1},"end":{"line":66,"column":null}},"20":{"start":{"line":49,"column":24},"end":{"line":56,"column":4}},"21":{"start":{"line":58,"column":2},"end":{"line":62,"column":null}},"22":{"start":{"line":59,"column":3},"end":{"line":59,"column":null}},"23":{"start":{"line":61,"column":3},"end":{"line":61,"column":null}},"24":{"start":{"line":62,"column":3},"end":{"line":62,"column":null}},"25":{"start":{"line":65,"column":2},"end":{"line":65,"column":null}},"26":{"start":{"line":66,"column":2},"end":{"line":66,"column":null}},"27":{"start":{"line":70,"column":1},"end":{"line":88,"column":null}},"28":{"start":{"line":71,"column":24},"end":{"line":78,"column":4}},"29":{"start":{"line":80,"column":2},"end":{"line":84,"column":null}},"30":{"start":{"line":81,"column":3},"end":{"line":81,"column":null}},"31":{"start":{"line":83,"column":3},"end":{"line":83,"column":null}},"32":{"start":{"line":84,"column":3},"end":{"line":84,"column":null}},"33":{"start":{"line":87,"column":2},"end":{"line":87,"column":null}},"34":{"start":{"line":88,"column":2},"end":{"line":88,"column":null}},"35":{"start":{"line":91,"column":1},"end":{"line":91,"column":null}}},"fnMap":{"0":{"name":"setupHusky","decl":{"start":{"line":9,"column":22},"end":{"line":9,"column":null}},"loc":{"start":{"line":13,"column":20},"end":{"line":91,"column":null}},"line":13}},"branchMap":{"0":{"loc":{"start":{"line":16,"column":1},"end":{"line":26,"column":null}},"type":"if","locations":[{"start":{"line":16,"column":1},"end":{"line":26,"column":null}},{"start":{"line":18,"column":8},"end":{"line":26,"column":null}}],"line":16},"1":{"loc":{"start":{"line":48,"column":1},"end":{"line":66,"column":null}},"type":"if","locations":[{"start":{"line":48,"column":1},"end":{"line":66,"column":null}},{"start":{"line":64,"column":8},"end":{"line":66,"column":null}}],"line":48},"2":{"loc":{"start":{"line":58,"column":2},"end":{"line":62,"column":null}},"type":"if","locations":[{"start":{"line":58,"column":2},"end":{"line":62,"column":null}},{"start":{"line":60,"column":9},"end":{"line":62,"column":null}}],"line":58},"3":{"loc":{"start":{"line":70,"column":1},"end":{"line":88,"column":null}},"type":"if","locations":[{"start":{"line":70,"column":1},"end":{"line":88,"column":null}},{"start":{"line":86,"column":8},"end":{"line":88,"column":null}}],"line":70},"4":{"loc":{"start":{"line":80,"column":2},"end":{"line":84,"column":null}},"type":"if","locations":[{"start":{"line":80,"column":2},"end":{"line":84,"column":null}},{"start":{"line":82,"column":9},"end":{"line":84,"column":null}}],"line":80}},"s":{"0":0,"1":0,"2":0,"3":0,"4":0,"5":0,"6":0,"7":0,"8":0,"9":0,"10":0,"11":0,"12":0,"13":0,"14":0,"15":0,"16":0,"17":0,"18":0,"19":0,"20":0,"21":0,"22":0,"23":0,"24":0,"25":0,"26":0,"27":0,"28":0,"29":0,"30":0,"31":0,"32":0,"33":0,"34":0,"35":0},"f":{"0":0},"b":{"0":[0,0],"1":[0,0],"2":[0,0],"3":[0,0],"4":[0,0]},"meta":{"lastBranch":5,"lastFunction":1,"lastStatement":36,"seen":{"f:9:22:9:Infinity":0,"s:14:7:14:51":0,"b:16:1:26:Infinity:18:8:26:Infinity":0,"s:16:1:26:Infinity":1,"s:17:2:17:Infinity":2,"s:19:2:26:Infinity":3,"s:20:3:20:Infinity":4,"s:21:3:21:Infinity":5,"s:22:3:22:Infinity":6,"s:24:3:24:Infinity":7,"s:25:3:25:Infinity":8,"s:26:3:26:Infinity":9,"s:31:7:31:40":10,"s:32:7:32:54":11,"s:33:7:33:54":12,"s:35:1:41:Infinity":13,"s:36:2:36:Infinity":14,"s:37:2:37:Infinity":15,"s:38:2:38:Infinity":16,"s:41:2:41:Infinity":17,"s:45:1:45:Infinity":18,"b:48:1:66:Infinity:64:8:66:Infinity":1,"s:48:1:66:Infinity":19,"s:49:24:56:4":20,"b:58:2:62:Infinity:60:9:62:Infinity":2,"s:58:2:62:Infinity":21,"s:59:3:59:Infinity":22,"s:61:3:61:Infinity":23,"s:62:3:62:Infinity":24,"s:65:2:65:Infinity":25,"s:66:2:66:Infinity":26,"b:70:1:88:Infinity:86:8:88:Infinity":3,"s:70:1:88:Infinity":27,"s:71:24:78:4":28,"b:80:2:84:Infinity:82:9:84:Infinity":4,"s:80:2:84:Infinity":29,"s:81:3:81:Infinity":30,"s:83:3:83:Infinity":31,"s:84:3:84:Infinity":32,"s:87:2:87:Infinity":33,"s:88:2:88:Infinity":34,"s:91:1:91:Infinity":35}}}
,"/Users/eric/dev/oxcinit/src/modules/legacy-cleanup.ts": {"path":"/Users/eric/dev/oxcinit/src/modules/legacy-cleanup.ts","statementMap":{"0":{"start":{"line":13,"column":29},"end":{"line":13,"column":31}},"1":{"start":{"line":14,"column":7},"end":{"line":14,"column":61}},"2":{"start":{"line":15,"column":19},"end":{"line":17,"column":29}},"3":{"start":{"line":16,"column":21},"end":{"line":16,"column":58}},"4":{"start":{"line":17,"column":18},"end":{"line":17,"column":29}},"5":{"start":{"line":19,"column":1},"end":{"line":33,"column":null}},"6":{"start":{"line":20,"column":2},"end":{"line":33,"column":null}},"7":{"start":{"line":21,"column":25},"end":{"line":27,"column":null}},"8":{"start":{"line":22,"column":4},"end":{"line":24,"column":null}},"9":{"start":{"line":23,"column":19},"end":{"line":23,"column":66}},"10":{"start":{"line":24,"column":5},"end":{"line":24,"column":null}},"11":{"start":{"line":26,"column":4},"end":{"line":26,"column":null}},"12":{"start":{"line":29,"column":3},"end":{"line":33,"column":null}},"13":{"start":{"line":30,"column":4},"end":{"line":33,"column":null}},"14":{"start":{"line":38,"column":1},"end":{"line":38,"column":null}},"15":{"start":{"line":42,"column":1},"end":{"line":44,"column":null}},"16":{"start":{"line":43,"column":2},"end":{"line":43,"column":null}},"17":{"start":{"line":44,"column":2},"end":{"line":44,"column":null}},"18":{"start":{"line":47,"column":1},"end":{"line":47,"column":null}},"19":{"start":{"line":48,"column":1},"end":{"line":49,"column":null}},"20":{"start":{"line":49,"column":2},"end":{"line":49,"column":null}},"21":{"start":{"line":52,"column":20},"end":{"line":65,"column":3}},"22":{"start":{"line":67,"column":1},"end":{"line":69,"column":null}},"23":{"start":{"line":68,"column":2},"end":{"line":68,"column":null}},"24":{"start":{"line":69,"column":2},"end":{"line":69,"column":null}},"25":{"start":{"line":72,"column":1},"end":{"line":73,"column":null}},"26":{"start":{"line":73,"column":2},"end":{"line":73,"column":null}},"27":{"start":{"line":76,"column":27},"end":{"line":88,"column":3}},"28":{"start":{"line":83,"column":30},"end":{"line":86,"column":null}},"29":{"start":{"line":90,"column":1},"end":{"line":90,"column":null}},"30":{"start":{"line":90,"column":28},"end":{"line":90,"column":58}},"31":{"start":{"line":94,"column":1},"end":{"line":97,"column":null}},"32":{"start":{"line":95,"column":2},"end":{"line":97,"column":null}},"33":{"start":{"line":96,"column":3},"end":{"line":96,"column":null}},"34":{"start":{"line":97,"column":3},"end":{"line":97,"column":null}}},"fnMap":{"0":{"name":"detectLegacyConfigFiles","decl":{"start":{"line":12,"column":16},"end":{"line":12,"column":40}},"loc":{"start":{"line":12,"column":67},"end":{"line":38,"column":null}},"line":12},"1":{"name":"(anonymous_1)","decl":{"start":{"line":16,"column":3},"end":{"line":16,"column":11}},"loc":{"start":{"line":16,"column":21},"end":{"line":16,"column":58}},"line":16},"2":{"name":"(anonymous_2)","decl":{"start":{"line":17,"column":3},"end":{"line":17,"column":8}},"loc":{"start":{"line":17,"column":18},"end":{"line":17,"column":29}},"line":17},"3":{"name":"(anonymous_3)","decl":{"start":{"line":21,"column":35},"end":{"line":21,"column":43}},"loc":{"start":{"line":21,"column":52},"end":{"line":27,"column":null}},"line":21},"4":{"name":"promptLegacyCleanup","decl":{"start":{"line":41,"column":22},"end":{"line":41,"column":42}},"loc":{"start":{"line":41,"column":86},"end":{"line":90,"column":null}},"line":41},"5":{"name":"(anonymous_5)","decl":{"start":{"line":83,"column":18},"end":{"line":83,"column":23}},"loc":{"start":{"line":83,"column":30},"end":{"line":86,"column":null}},"line":83},"6":{"name":"(anonymous_6)","decl":{"start":{"line":90,"column":14},"end":{"line":90,"column":22}},"loc":{"start":{"line":90,"column":28},"end":{"line":90,"column":58}},"line":90},"7":{"name":"removeLegacyFiles","decl":{"start":{"line":93,"column":16},"end":{"line":93,"column":34}},"loc":{"start":{"line":93,"column":61},"end":{"line":97,"column":null}},"line":93}},"branchMap":{"0":{"loc":{"start":{"line":16,"column":21},"end":{"line":16,"column":58}},"type":"binary-expr","locations":[{"start":{"line":16,"column":21},"end":{"line":16,"column":35}},{"start":{"line":16,"column":39},"end":{"line":16,"column":58}}],"line":16},"1":{"loc":{"start":{"line":22,"column":4},"end":{"line":24,"column":null}},"type":"if","locations":[{"start":{"line":22,"column":4},"end":{"line":24,"column":null}},{"start":{},"end":{}}],"line":22},"2":{"loc":{"start":{"line":42,"column":1},"end":{"line":44,"column":null}},"type":"if","locations":[{"start":{"line":42,"column":1},"end":{"line":44,"column":null}},{"start":{},"end":{}}],"line":42},"3":{"loc":{"start":{"line":67,"column":1},"end":{"line":69,"column":null}},"type":"if","locations":[{"start":{"line":67,"column":1},"end":{"line":69,"column":null}},{"start":{},"end":{}}],"line":67},"4":{"loc":{"start":{"line":72,"column":1},"end":{"line":73,"column":null}},"type":"if","locations":[{"start":{"line":72,"column":1},"end":{"line":73,"column":null}},{"start":{},"end":{}}],"line":72},"5":{"loc":{"start":{"line":95,"column":2},"end":{"line":97,"column":null}},"type":"if","locations":[{"start":{"line":95,"column":2},"end":{"line":97,"column":null}},{"start":{},"end":{}}],"line":95}},"s":{"0":5,"1":5,"2":5,"3":8,"4":8,"5":5,"6":15,"7":155,"8":248,"9":0,"10":0,"11":248,"12":155,"13":8,"14":5,"15":0,"16":0,"17":0,"18":0,"19":0,"20":0,"21":0,"22":0,"23":0,"24":0,"25":0,"26":0,"27":0,"28":0,"29":0,"30":0,"31":0,"32":0,"33":0,"34":0},"f":{"0":5,"1":8,"2":8,"3":248,"4":0,"5":0,"6":0,"7":0},"b":{"0":[8,0],"1":[0,248],"2":[0,0],"3":[0,0],"4":[0,0],"5":[0,0]},"meta":{"lastBranch":6,"lastFunction":8,"lastStatement":35,"seen":{"f:12:16:12:40":0,"s:13:29:13:31":0,"s:14:7:14:61":1,"s:15:19:17:29":2,"f:16:3:16:11":1,"s:16:21:16:58":3,"b:16:21:16:35:16:39:16:58":0,"f:17:3:17:8":2,"s:17:18:17:29":4,"s:19:1:33:Infinity":5,"s:20:2:33:Infinity":6,"s:21:25:27:Infinity":7,"f:21:35:21:43":3,"b:22:4:24:Infinity:undefined:undefined:undefined:undefined":1,"s:22:4:24:Infinity":8,"s:23:19:23:66":9,"s:24:5:24:Infinity":10,"s:26:4:26:Infinity":11,"s:29:3:33:Infinity":12,"s:30:4:33:Infinity":13,"s:38:1:38:Infinity":14,"f:41:22:41:42":4,"b:42:1:44:Infinity:undefined:undefined:undefined:undefined":2,"s:42:1:44:Infinity":15,"s:43:2:43:Infinity":16,"s:44:2:44:Infinity":17,"s:47:1:47:Infinity":18,"s:48:1:49:Infinity":19,"s:49:2:49:Infinity":20,"s:52:20:65:3":21,"b:67:1:69:Infinity:undefined:undefined:undefined:undefined":3,"s:67:1:69:Infinity":22,"s:68:2:68:Infinity":23,"s:69:2:69:Infinity":24,"b:72:1:73:Infinity:undefined:undefined:undefined:undefined":4,"s:72:1:73:Infinity":25,"s:73:2:73:Infinity":26,"s:76:27:88:3":27,"f:83:18:83:23":5,"s:83:30:86:Infinity":28,"s:90:1:90:Infinity":29,"f:90:14:90:22":6,"s:90:28:90:58":30,"f:93:16:93:34":7,"s:94:1:97:Infinity":31,"b:95:2:97:Infinity:undefined:undefined:undefined:undefined":5,"s:95:2:97:Infinity":32,"s:96:3:96:Infinity":33,"s:97:3:97:Infinity":34}}}
,"/Users/eric/dev/oxcinit/src/modules/lint-staged.ts": {"path":"/Users/eric/dev/oxcinit/src/modules/lint-staged.ts","statementMap":{"0":{"start":{"line":16,"column":7},"end":{"line":16,"column":57}},"1":{"start":{"line":18,"column":1},"end":{"line":28,"column":null}},"2":{"start":{"line":19,"column":2},"end":{"line":19,"column":null}},"3":{"start":{"line":21,"column":2},"end":{"line":28,"column":null}},"4":{"start":{"line":22,"column":3},"end":{"line":22,"column":null}},"5":{"start":{"line":23,"column":3},"end":{"line":23,"column":null}},"6":{"start":{"line":24,"column":3},"end":{"line":24,"column":null}},"7":{"start":{"line":26,"column":3},"end":{"line":26,"column":null}},"8":{"start":{"line":27,"column":3},"end":{"line":27,"column":null}},"9":{"start":{"line":28,"column":3},"end":{"line":28,"column":null}},"10":{"start":{"line":33,"column":7},"end":{"line":33,"column":68}},"11":{"start":{"line":34,"column":25},"end":{"line":34,"column":57}},"12":{"start":{"line":35,"column":30},"end":{"line":35,"column":null}},"13":{"start":{"line":37,"column":1},"end":{"line":66,"column":null}},"14":{"start":{"line":38,"column":21},"end":{"line":52,"column":4}},"15":{"start":{"line":54,"column":2},"end":{"line":56,"column":null}},"16":{"start":{"line":55,"column":3},"end":{"line":55,"column":null}},"17":{"start":{"line":56,"column":3},"end":{"line":56,"column":null}},"18":{"start":{"line":59,"column":2},"end":{"line":63,"column":null}},"19":{"start":{"line":60,"column":20},"end":{"line":60,"column":null}},"20":{"start":{"line":61,"column":3},"end":{"line":61,"column":null}},"21":{"start":{"line":63,"column":3},"end":{"line":63,"column":null}},"22":{"start":{"line":66,"column":2},"end":{"line":66,"column":null}},"23":{"start":{"line":69,"column":1},"end":{"line":74,"column":null}},"24":{"start":{"line":70,"column":2},"end":{"line":70,"column":null}},"25":{"start":{"line":71,"column":2},"end":{"line":71,"column":null}},"26":{"start":{"line":73,"column":2},"end":{"line":73,"column":null}},"27":{"start":{"line":74,"column":2},"end":{"line":74,"column":null}},"28":{"start":{"line":77,"column":1},"end":{"line":77,"column":null}}},"fnMap":{"0":{"name":"setupLintStaged","decl":{"start":{"line":10,"column":22},"end":{"line":10,"column":null}},"loc":{"start":{"line":15,"column":20},"end":{"line":77,"column":null}},"line":15}},"branchMap":{"0":{"loc":{"start":{"line":18,"column":1},"end":{"line":28,"column":null}},"type":"if","locations":[{"start":{"line":18,"column":1},"end":{"line":28,"column":null}},{"start":{"line":20,"column":8},"end":{"line":28,"column":null}}],"line":18},"1":{"loc":{"start":{"line":37,"column":1},"end":{"line":66,"column":null}},"type":"if","locations":[{"start":{"line":37,"column":1},"end":{"line":66,"column":null}},{"start":{"line":65,"column":8},"end":{"line":66,"column":null}}],"line":37},"2":{"loc":{"start":{"line":37,"column":5},"end":{"line":37,"column":46}},"type":"binary-expr","locations":[{"start":{"line":37,"column":5},"end":{"line":37,"column":24}},{"start":{"line":37,"column":24},"end":{"line":37,"column":46}}],"line":37},"3":{"loc":{"start":{"line":54,"column":2},"end":{"line":56,"column":null}},"type":"if","locations":[{"start":{"line":54,"column":2},"end":{"line":56,"column":null}},{"start":{},"end":{}}],"line":54},"4":{"loc":{"start":{"line":59,"column":2},"end":{"line":63,"column":null}},"type":"if","locations":[{"start":{"line":59,"column":2},"end":{"line":63,"column":null}},{"start":{"line":62,"column":9},"end":{"line":63,"column":null}}],"line":59},"5":{"loc":{"start":{"line":59,"column":6},"end":{"line":59,"column":50}},"type":"binary-expr","locations":[{"start":{"line":59,"column":6},"end":{"line":59,"column":28}},{"start":{"line":59,"column":28},"end":{"line":59,"column":50}}],"line":59}},"s":{"0":0,"1":0,"2":0,"3":0,"4":0,"5":0,"6":0,"7":0,"8":0,"9":0,"10":0,"11":0,"12":0,"13":0,"14":0,"15":0,"16":0,"17":0,"18":0,"19":0,"20":0,"21":0,"22":0,"23":0,"24":0,"25":0,"26":0,"27":0,"28":0},"f":{"0":0},"b":{"0":[0,0],"1":[0,0],"2":[0,0],"3":[0,0],"4":[0,0],"5":[0,0]},"meta":{"lastBranch":6,"lastFunction":1,"lastStatement":29,"seen":{"f:10:22:10:Infinity":0,"s:16:7:16:57":0,"b:18:1:28:Infinity:20:8:28:Infinity":0,"s:18:1:28:Infinity":1,"s:19:2:19:Infinity":2,"s:21:2:28:Infinity":3,"s:22:3:22:Infinity":4,"s:23:3:23:Infinity":5,"s:24:3:24:Infinity":6,"s:26:3:26:Infinity":7,"s:27:3:27:Infinity":8,"s:28:3:28:Infinity":9,"s:33:7:33:68":10,"s:34:25:34:57":11,"s:35:30:35:Infinity":12,"b:37:1:66:Infinity:65:8:66:Infinity":1,"s:37:1:66:Infinity":13,"b:37:5:37:24:37:24:37:46":2,"s:38:21:52:4":14,"b:54:2:56:Infinity:undefined:undefined:undefined:undefined":3,"s:54:2:56:Infinity":15,"s:55:3:55:Infinity":16,"s:56:3:56:Infinity":17,"b:59:2:63:Infinity:62:9:63:Infinity":4,"s:59:2:63:Infinity":18,"b:59:6:59:28:59:28:59:50":5,"s:60:20:60:Infinity":19,"s:61:3:61:Infinity":20,"s:63:3:63:Infinity":21,"s:66:2:66:Infinity":22,"s:69:1:74:Infinity":23,"s:70:2:70:Infinity":24,"s:71:2:71:Infinity":25,"s:73:2:73:Infinity":26,"s:74:2:74:Infinity":27,"s:77:1:77:Infinity":28}}}
,"/Users/eric/dev/oxcinit/src/modules/oxfmt.ts": {"path":"/Users/eric/dev/oxcinit/src/modules/oxfmt.ts","statementMap":{"0":{"start":{"line":14,"column":7},"end":{"line":14,"column":51}},"1":{"start":{"line":16,"column":1},"end":{"line":18,"column":null}},"2":{"start":{"line":17,"column":2},"end":{"line":17,"column":null}},"3":{"start":{"line":18,"column":2},"end":{"line":18,"column":null}},"4":{"start":{"line":21,"column":1},"end":{"line":28,"column":null}},"5":{"start":{"line":22,"column":2},"end":{"line":22,"column":null}},"6":{"start":{"line":23,"column":2},"end":{"line":23,"column":null}},"7":{"start":{"line":24,"column":2},"end":{"line":24,"column":null}},"8":{"start":{"line":26,"column":2},"end":{"line":26,"column":null}},"9":{"start":{"line":27,"column":2},"end":{"line":27,"column":null}},"10":{"start":{"line":28,"column":2},"end":{"line":28,"column":null}},"11":{"start":{"line":32,"column":17},"end":{"line":32,"column":42}},"12":{"start":{"line":33,"column":1},"end":{"line":45,"column":null}},"13":{"start":{"line":34,"column":2},"end":{"line":34,"column":null}},"14":{"start":{"line":35,"column":2},"end":{"line":35,"column":null}},"15":{"start":{"line":37,"column":2},"end":{"line":42,"column":null}},"16":{"start":{"line":38,"column":3},"end":{"line":38,"column":null}},"17":{"start":{"line":39,"column":3},"end":{"line":39,"column":null}},"18":{"start":{"line":41,"column":3},"end":{"line":41,"column":null}},"19":{"start":{"line":42,"column":3},"end":{"line":42,"column":null}},"20":{"start":{"line":45,"column":2},"end":{"line":45,"column":null}},"21":{"start":{"line":48,"column":1},"end":{"line":48,"column":null}}},"fnMap":{"0":{"name":"setupOxfmt","decl":{"start":{"line":8,"column":22},"end":{"line":8,"column":null}},"loc":{"start":{"line":13,"column":20},"end":{"line":48,"column":null}},"line":13}},"branchMap":{"0":{"loc":{"start":{"line":16,"column":1},"end":{"line":18,"column":null}},"type":"if","locations":[{"start":{"line":16,"column":1},"end":{"line":18,"column":null}},{"start":{},"end":{}}],"line":16},"1":{"loc":{"start":{"line":32,"column":17},"end":{"line":32,"column":42}},"type":"binary-expr","locations":[{"start":{"line":32,"column":17},"end":{"line":32,"column":40}},{"start":{"line":32,"column":40},"end":{"line":32,"column":42}}],"line":32},"2":{"loc":{"start":{"line":33,"column":1},"end":{"line":45,"column":null}},"type":"if","locations":[{"start":{"line":33,"column":1},"end":{"line":45,"column":null}},{"start":{"line":44,"column":8},"end":{"line":45,"column":null}}],"line":33}},"s":{"0":0,"1":0,"2":0,"3":0,"4":0,"5":0,"6":0,"7":0,"8":0,"9":0,"10":0,"11":0,"12":0,"13":0,"14":0,"15":0,"16":0,"17":0,"18":0,"19":0,"20":0,"21":0},"f":{"0":0},"b":{"0":[0,0],"1":[0,0],"2":[0,0]},"meta":{"lastBranch":3,"lastFunction":1,"lastStatement":22,"seen":{"f:8:22:8:Infinity":0,"s:14:7:14:51":0,"b:16:1:18:Infinity:undefined:undefined:undefined:undefined":0,"s:16:1:18:Infinity":1,"s:17:2:17:Infinity":2,"s:18:2:18:Infinity":3,"s:21:1:28:Infinity":4,"s:22:2:22:Infinity":5,"s:23:2:23:Infinity":6,"s:24:2:24:Infinity":7,"s:26:2:26:Infinity":8,"s:27:2:27:Infinity":9,"s:28:2:28:Infinity":10,"s:32:17:32:42":11,"b:32:17:32:40:32:40:32:42":1,"b:33:1:45:Infinity:44:8:45:Infinity":2,"s:33:1:45:Infinity":12,"s:34:2:34:Infinity":13,"s:35:2:35:Infinity":14,"s:37:2:42:Infinity":15,"s:38:3:38:Infinity":16,"s:39:3:39:Infinity":17,"s:41:3:41:Infinity":18,"s:42:3:42:Infinity":19,"s:45:2:45:Infinity":20,"s:48:1:48:Infinity":21}}}
,"/Users/eric/dev/oxcinit/src/modules/oxlint.ts": {"path":"/Users/eric/dev/oxcinit/src/modules/oxlint.ts","statementMap":{"0":{"start":{"line":16,"column":7},"end":{"line":16,"column":52}},"1":{"start":{"line":18,"column":1},"end":{"line":28,"column":null}},"2":{"start":{"line":19,"column":2},"end":{"line":19,"column":null}},"3":{"start":{"line":21,"column":2},"end":{"line":28,"column":null}},"4":{"start":{"line":22,"column":3},"end":{"line":22,"column":null}},"5":{"start":{"line":23,"column":3},"end":{"line":23,"column":null}},"6":{"start":{"line":24,"column":3},"end":{"line":24,"column":null}},"7":{"start":{"line":26,"column":3},"end":{"line":26,"column":null}},"8":{"start":{"line":27,"column":3},"end":{"line":27,"column":null}},"9":{"start":{"line":28,"column":3},"end":{"line":28,"column":null}},"10":{"start":{"line":33,"column":17},"end":{"line":33,"column":42}},"11":{"start":{"line":34,"column":1},"end":{"line":46,"column":null}},"12":{"start":{"line":35,"column":2},"end":{"line":35,"column":null}},"13":{"start":{"line":36,"column":2},"end":{"line":36,"column":null}},"14":{"start":{"line":38,"column":2},"end":{"line":43,"column":null}},"15":{"start":{"line":39,"column":3},"end":{"line":39,"column":null}},"16":{"start":{"line":40,"column":3},"end":{"line":40,"column":null}},"17":{"start":{"line":42,"column":3},"end":{"line":42,"column":null}},"18":{"start":{"line":43,"column":3},"end":{"line":43,"column":null}},"19":{"start":{"line":46,"column":2},"end":{"line":46,"column":null}},"20":{"start":{"line":50,"column":7},"end":{"line":50,"column":52}},"21":{"start":{"line":51,"column":1},"end":{"line":60,"column":null}},"22":{"start":{"line":52,"column":2},"end":{"line":57,"column":null}},"23":{"start":{"line":53,"column":3},"end":{"line":53,"column":null}},"24":{"start":{"line":54,"column":3},"end":{"line":54,"column":null}},"25":{"start":{"line":56,"column":3},"end":{"line":56,"column":null}},"26":{"start":{"line":57,"column":3},"end":{"line":57,"column":null}},"27":{"start":{"line":60,"column":2},"end":{"line":60,"column":null}},"28":{"start":{"line":63,"column":1},"end":{"line":63,"column":null}}},"fnMap":{"0":{"name":"setupOxlint","decl":{"start":{"line":9,"column":22},"end":{"line":9,"column":null}},"loc":{"start":{"line":15,"column":20},"end":{"line":63,"column":null}},"line":15}},"branchMap":{"0":{"loc":{"start":{"line":18,"column":1},"end":{"line":28,"column":null}},"type":"if","locations":[{"start":{"line":18,"column":1},"end":{"line":28,"column":null}},{"start":{"line":20,"column":8},"end":{"line":28,"column":null}}],"line":18},"1":{"loc":{"start":{"line":33,"column":17},"end":{"line":33,"column":42}},"type":"binary-expr","locations":[{"start":{"line":33,"column":17},"end":{"line":33,"column":40}},{"start":{"line":33,"column":40},"end":{"line":33,"column":42}}],"line":33},"2":{"loc":{"start":{"line":34,"column":1},"end":{"line":46,"column":null}},"type":"if","locations":[{"start":{"line":34,"column":1},"end":{"line":46,"column":null}},{"start":{"line":45,"column":8},"end":{"line":46,"column":null}}],"line":34},"3":{"loc":{"start":{"line":51,"column":1},"end":{"line":60,"column":null}},"type":"if","locations":[{"start":{"line":51,"column":1},"end":{"line":60,"column":null}},{"start":{"line":59,"column":8},"end":{"line":60,"column":null}}],"line":51}},"s":{"0":0,"1":0,"2":0,"3":0,"4":0,"5":0,"6":0,"7":0,"8":0,"9":0,"10":0,"11":0,"12":0,"13":0,"14":0,"15":0,"16":0,"17":0,"18":0,"19":0,"20":0,"21":0,"22":0,"23":0,"24":0,"25":0,"26":0,"27":0,"28":0},"f":{"0":0},"b":{"0":[0,0],"1":[0,0],"2":[0,0],"3":[0,0]},"meta":{"lastBranch":4,"lastFunction":1,"lastStatement":29,"seen":{"f:9:22:9:Infinity":0,"s:16:7:16:52":0,"b:18:1:28:Infinity:20:8:28:Infinity":0,"s:18:1:28:Infinity":1,"s:19:2:19:Infinity":2,"s:21:2:28:Infinity":3,"s:22:3:22:Infinity":4,"s:23:3:23:Infinity":5,"s:24:3:24:Infinity":6,"s:26:3:26:Infinity":7,"s:27:3:27:Infinity":8,"s:28:3:28:Infinity":9,"s:33:17:33:42":10,"b:33:17:33:40:33:40:33:42":1,"b:34:1:46:Infinity:45:8:46:Infinity":2,"s:34:1:46:Infinity":11,"s:35:2:35:Infinity":12,"s:36:2:36:Infinity":13,"s:38:2:43:Infinity":14,"s:39:3:39:Infinity":15,"s:40:3:40:Infinity":16,"s:42:3:42:Infinity":17,"s:43:3:43:Infinity":18,"s:46:2:46:Infinity":19,"s:50:7:50:52":20,"b:51:1:60:Infinity:59:8:60:Infinity":3,"s:51:1:60:Infinity":21,"s:52:2:57:Infinity":22,"s:53:3:53:Infinity":23,"s:54:3:54:Infinity":24,"s:56:3:56:Infinity":25,"s:57:3:57:Infinity":26,"s:60:2:60:Infinity":27,"s:63:1:63:Infinity":28}}}
,"/Users/eric/dev/oxcinit/src/modules/version-check.ts": {"path":"/Users/eric/dev/oxcinit/src/modules/version-check.ts","statementMap":{"0":{"start":{"line":12,"column":24},"end":{"line":12,"column":null}},"1":{"start":{"line":13,"column":17},"end":{"line":13,"column":61}},"2":{"start":{"line":15,"column":1},"end":{"line":17,"column":null}},"3":{"start":{"line":16,"column":2},"end":{"line":16,"column":null}},"4":{"start":{"line":17,"column":2},"end":{"line":17,"column":null}},"5":{"start":{"line":20,"column":1},"end":{"line":24,"column":null}},"6":{"start":{"line":28,"column":1},"end":{"line":42,"column":null}}},"fnMap":{"0":{"name":"checkNodeVersion","decl":{"start":{"line":11,"column":16},"end":{"line":11,"column":33}},"loc":{"start":{"line":11,"column":72},"end":{"line":24,"column":null}},"line":11},"1":{"name":"getVersionUpgradeInstructions","decl":{"start":{"line":27,"column":16},"end":{"line":27,"column":56}},"loc":{"start":{"line":27,"column":56},"end":{"line":42,"column":null}},"line":27}},"branchMap":{"0":{"loc":{"start":{"line":11,"column":33},"end":{"line":11,"column":72}},"type":"default-arg","locations":[{"start":{"line":11,"column":45},"end":{"line":11,"column":72}}],"line":11},"1":{"loc":{"start":{"line":15,"column":1},"end":{"line":17,"column":null}},"type":"if","locations":[{"start":{"line":15,"column":1},"end":{"line":17,"column":null}},{"start":{},"end":{}}],"line":15},"2":{"loc":{"start":{"line":15,"column":5},"end":{"line":15,"column":28}},"type":"binary-expr","locations":[{"start":{"line":15,"column":5},"end":{"line":15,"column":18}},{"start":{"line":15,"column":18},"end":{"line":15,"column":28}}],"line":15},"3":{"loc":{"start":{"line":23,"column":11},"end":{"line":23,"column":null}},"type":"binary-expr","locations":[{"start":{"line":23,"column":11},"end":{"line":23,"column":24}},{"start":{"line":23,"column":24},"end":{"line":23,"column":null}}],"line":23}},"s":{"0":3,"1":3,"2":3,"3":0,"4":0,"5":3,"6":1},"f":{"0":3,"1":1},"b":{"0":[3],"1":[0,3],"2":[3,1],"3":[3,2]},"meta":{"lastBranch":4,"lastFunction":2,"lastStatement":7,"seen":{"f:11:16:11:33":0,"b:11:45:11:72":0,"s:12:24:12:Infinity":0,"s:13:17:13:61":1,"b:15:1:17:Infinity:undefined:undefined:undefined:undefined":1,"s:15:1:17:Infinity":2,"b:15:5:15:18:15:18:15:28":2,"s:16:2:16:Infinity":3,"s:17:2:17:Infinity":4,"s:20:1:24:Infinity":5,"b:23:11:23:24:23:24:23:Infinity":3,"f:27:16:27:56":1,"s:28:1:42:Infinity":6}}}
,"/Users/eric/dev/oxcinit/src/utils/executor.ts": {"path":"/Users/eric/dev/oxcinit/src/utils/executor.ts","statementMap":{"0":{"start":{"line":17,"column":49},"end":{"line":17,"column":null}},"1":{"start":{"line":19,"column":30},"end":{"line":22,"column":null}},"2":{"start":{"line":24,"column":1},"end":{"line":25,"column":null}},"3":{"start":{"line":25,"column":2},"end":{"line":25,"column":null}},"4":{"start":{"line":28,"column":16},"end":{"line":28,"column":55}},"5":{"start":{"line":29,"column":1},"end":{"line":29,"column":null}},"6":{"start":{"line":38,"column":18},"end":{"line":38,"column":74}},"7":{"start":{"line":39,"column":24},"end":{"line":39,"column":26}},"8":{"start":{"line":41,"column":1},"end":{"line":50,"column":null}},"9":{"start":{"line":43,"column":3},"end":{"line":43,"column":null}},"10":{"start":{"line":44,"column":3},"end":{"line":44,"column":null}},"11":{"start":{"line":46,"column":3},"end":{"line":46,"column":null}},"12":{"start":{"line":47,"column":3},"end":{"line":47,"column":null}},"13":{"start":{"line":49,"column":3},"end":{"line":49,"column":null}},"14":{"start":{"line":50,"column":3},"end":{"line":50,"column":null}},"15":{"start":{"line":53,"column":1},"end":{"line":53,"column":null}},"16":{"start":{"line":57,"column":1},"end":{"line":57,"column":null}}},"fnMap":{"0":{"name":"executeCommand","decl":{"start":{"line":12,"column":22},"end":{"line":12,"column":null}},"loc":{"start":{"line":16,"column":19},"end":{"line":29,"column":null}},"line":16},"1":{"name":"installPackage","decl":{"start":{"line":32,"column":22},"end":{"line":32,"column":null}},"loc":{"start":{"line":37,"column":17},"end":{"line":53,"column":null}},"line":37},"2":{"name":"runNpx","decl":{"start":{"line":56,"column":22},"end":{"line":56,"column":29}},"loc":{"start":{"line":56,"column":118},"end":{"line":57,"column":null}},"line":56}},"branchMap":{"0":{"loc":{"start":{"line":15,"column":1},"end":{"line":15,"column":29}},"type":"default-arg","locations":[{"start":{"line":15,"column":27},"end":{"line":15,"column":29}}],"line":15},"1":{"loc":{"start":{"line":17,"column":9},"end":{"line":17,"column":28}},"type":"default-arg","locations":[{"start":{"line":17,"column":15},"end":{"line":17,"column":28}}],"line":17},"2":{"loc":{"start":{"line":17,"column":30},"end":{"line":17,"column":49}},"type":"default-arg","locations":[{"start":{"line":17,"column":39},"end":{"line":17,"column":49}}],"line":17},"3":{"loc":{"start":{"line":24,"column":1},"end":{"line":25,"column":null}},"type":"if","locations":[{"start":{"line":24,"column":1},"end":{"line":25,"column":null}},{"start":{},"end":{}}],"line":24},"4":{"loc":{"start":{"line":35,"column":1},"end":{"line":35,"column":null}},"type":"default-arg","locations":[{"start":{"line":35,"column":9},"end":{"line":35,"column":null}}],"line":35},"5":{"loc":{"start":{"line":36,"column":1},"end":{"line":36,"column":29}},"type":"default-arg","locations":[{"start":{"line":36,"column":27},"end":{"line":36,"column":29}}],"line":36},"6":{"loc":{"start":{"line":38,"column":18},"end":{"line":38,"column":74}},"type":"cond-expr","locations":[{"start":{"line":38,"column":47},"end":{"line":38,"column":61}},{"start":{"line":38,"column":61},"end":{"line":38,"column":74}}],"line":38},"7":{"loc":{"start":{"line":41,"column":1},"end":{"line":50,"column":null}},"type":"switch","locations":[{"start":{"line":42,"column":2},"end":{"line":44,"column":null}},{"start":{"line":45,"column":2},"end":{"line":47,"column":null}},{"start":{"line":48,"column":2},"end":{"line":50,"column":null}}],"line":41},"8":{"loc":{"start":{"line":43,"column":24},"end":{"line":43,"column":45}},"type":"cond-expr","locations":[{"start":{"line":43,"column":32},"end":{"line":43,"column":39}},{"start":{"line":43,"column":39},"end":{"line":43,"column":45}}],"line":43},"9":{"loc":{"start":{"line":46,"column":20},"end":{"line":46,"column":41}},"type":"cond-expr","locations":[{"start":{"line":46,"column":28},"end":{"line":46,"column":35}},{"start":{"line":46,"column":35},"end":{"line":46,"column":41}}],"line":46},"10":{"loc":{"start":{"line":56,"column":50},"end":{"line":56,"column":69}},"type":"default-arg","locations":[{"start":{"line":56,"column":67},"end":{"line":56,"column":69}}],"line":56},"11":{"loc":{"start":{"line":56,"column":71},"end":{"line":56,"column":99}},"type":"default-arg","locations":[{"start":{"line":56,"column":97},"end":{"line":56,"column":99}}],"line":56}},"s":{"0":0,"1":0,"2":0,"3":0,"4":0,"5":0,"6":0,"7":0,"8":0,"9":0,"10":0,"11":0,"12":0,"13":0,"14":0,"15":0,"16":0},"f":{"0":0,"1":0,"2":0},"b":{"0":[0],"1":[0],"2":[0],"3":[0,0],"4":[0],"5":[0],"6":[0,0],"7":[0,0,0],"8":[0,0],"9":[0,0],"10":[0],"11":[0]},"meta":{"lastBranch":12,"lastFunction":3,"lastStatement":17,"seen":{"f:12:22:12:Infinity":0,"b:15:27:15:29":0,"s:17:49:17:Infinity":0,"b:17:15:17:28":1,"b:17:39:17:49":2,"s:19:30:22:Infinity":1,"b:24:1:25:Infinity:undefined:undefined:undefined:undefined":3,"s:24:1:25:Infinity":2,"s:25:2:25:Infinity":3,"s:28:16:28:55":4,"s:29:1:29:Infinity":5,"f:32:22:32:Infinity":1,"b:35:9:35:Infinity":4,"b:36:27:36:29":5,"s:38:18:38:74":6,"b:38:47:38:61:38:61:38:74":6,"s:39:24:39:26":7,"b:42:2:44:Infinity:45:2:47:Infinity:48:2:50:Infinity":7,"s:41:1:50:Infinity":8,"s:43:3:43:Infinity":9,"b:43:32:43:39:43:39:43:45":8,"s:44:3:44:Infinity":10,"s:46:3:46:Infinity":11,"b:46:28:46:35:46:35:46:41":9,"s:47:3:47:Infinity":12,"s:49:3:49:Infinity":13,"s:50:3:50:Infinity":14,"s:53:1:53:Infinity":15,"f:56:22:56:29":2,"b:56:67:56:69":10,"b:56:97:56:99":11,"s:57:1:57:Infinity":16}}}
,"/Users/eric/dev/oxcinit/src/utils/file-utils.ts": {"path":"/Users/eric/dev/oxcinit/src/utils/file-utils.ts","statementMap":{"0":{"start":{"line":12,"column":16},"end":{"line":12,"column":29}},"1":{"start":{"line":14,"column":1},"end":{"line":31,"column":null}},"2":{"start":{"line":15,"column":22},"end":{"line":15,"column":null}},"3":{"start":{"line":16,"column":22},"end":{"line":16,"column":null}},"4":{"start":{"line":18,"column":2},"end":{"line":31,"column":null}},"5":{"start":{"line":26,"column":3},"end":{"line":29,"column":null}},"6":{"start":{"line":30,"column":13},"end":{"line":31,"column":null}},"7":{"start":{"line":31,"column":3},"end":{"line":31,"column":null}},"8":{"start":{"line":35,"column":1},"end":{"line":35,"column":null}},"9":{"start":{"line":43,"column":33},"end":{"line":43,"column":null}},"10":{"start":{"line":45,"column":1},"end":{"line":71,"column":null}},"11":{"start":{"line":46,"column":2},"end":{"line":48,"column":null}},"12":{"start":{"line":47,"column":3},"end":{"line":47,"column":null}},"13":{"start":{"line":48,"column":3},"end":{"line":48,"column":null}},"14":{"start":{"line":51,"column":2},"end":{"line":60,"column":null}},"15":{"start":{"line":52,"column":3},"end":{"line":60,"column":null}},"16":{"start":{"line":53,"column":22},"end":{"line":53,"column":46}},"17":{"start":{"line":54,"column":19},"end":{"line":54,"column":47}},"18":{"start":{"line":55,"column":4},"end":{"line":55,"column":null}},"19":{"start":{"line":56,"column":4},"end":{"line":56,"column":null}},"20":{"start":{"line":57,"column":4},"end":{"line":57,"column":null}},"21":{"start":{"line":59,"column":4},"end":{"line":59,"column":null}},"22":{"start":{"line":60,"column":4},"end":{"line":60,"column":null}},"23":{"start":{"line":64,"column":2},"end":{"line":67,"column":null}},"24":{"start":{"line":65,"column":3},"end":{"line":65,"column":null}},"25":{"start":{"line":66,"column":3},"end":{"line":66,"column":null}},"26":{"start":{"line":67,"column":3},"end":{"line":67,"column":null}},"27":{"start":{"line":70,"column":2},"end":{"line":70,"column":null}},"28":{"start":{"line":71,"column":2},"end":{"line":71,"column":null}},"29":{"start":{"line":74,"column":1},"end":{"line":74,"column":null}},"30":{"start":{"line":75,"column":1},"end":{"line":75,"column":null}},"31":{"start":{"line":76,"column":1},"end":{"line":76,"column":null}},"32":{"start":{"line":84,"column":33},"end":{"line":84,"column":null}},"33":{"start":{"line":85,"column":34},"end":{"line":85,"column":null}},"34":{"start":{"line":86,"column":21},"end":{"line":86,"column":null}},"35":{"start":{"line":88,"column":1},"end":{"line":101,"column":null}},"36":{"start":{"line":89,"column":2},"end":{"line":91,"column":null}},"37":{"start":{"line":90,"column":3},"end":{"line":90,"column":null}},"38":{"start":{"line":91,"column":3},"end":{"line":91,"column":null}},"39":{"start":{"line":94,"column":2},"end":{"line":97,"column":null}},"40":{"start":{"line":95,"column":3},"end":{"line":95,"column":null}},"41":{"start":{"line":96,"column":3},"end":{"line":96,"column":null}},"42":{"start":{"line":97,"column":3},"end":{"line":97,"column":null}},"43":{"start":{"line":100,"column":2},"end":{"line":100,"column":null}},"44":{"start":{"line":101,"column":2},"end":{"line":101,"column":null}},"45":{"start":{"line":104,"column":1},"end":{"line":104,"column":null}},"46":{"start":{"line":105,"column":1},"end":{"line":105,"column":null}},"47":{"start":{"line":106,"column":1},"end":{"line":106,"column":null}},"48":{"start":{"line":107,"column":1},"end":{"line":107,"column":null}}},"fnMap":{"0":{"name":"deepMerge","decl":{"start":{"line":11,"column":16},"end":{"line":11,"column":61}},"loc":{"start":{"line":11,"column":95},"end":{"line":35,"column":null}},"line":11},"1":{"name":"safeWriteJson","decl":{"start":{"line":38,"column":22},"end":{"line":38,"column":null}},"loc":{"start":{"line":42,"column":20},"end":{"line":76,"column":null}},"line":42},"2":{"name":"safeWriteFile","decl":{"start":{"line":79,"column":22},"end":{"line":79,"column":null}},"loc":{"start":{"line":83,"column":20},"end":{"line":107,"column":null}},"line":83}},"branchMap":{"0":{"loc":{"start":{"line":18,"column":2},"end":{"line":31,"column":null}},"type":"if","locations":[{"start":{"line":18,"column":2},"end":{"line":31,"column":null}},{"start":{"line":30,"column":13},"end":{"line":31,"column":null}}],"line":18},"1":{"loc":{"start":{"line":19,"column":3},"end":{"line":24,"column":30}},"type":"binary-expr","locations":[{"start":{"line":19,"column":3},"end":{"line":19,"column":null}},{"start":{"line":20,"column":3},"end":{"line":20,"column":null}},{"start":{"line":21,"column":3},"end":{"line":21,"column":30}},{"start":{"line":22,"column":3},"end":{"line":22,"column":null}},{"start":{"line":23,"column":3},"end":{"line":23,"column":null}},{"start":{"line":24,"column":3},"end":{"line":24,"column":30}}],"line":19},"2":{"loc":{"start":{"line":30,"column":13},"end":{"line":31,"column":null}},"type":"if","locations":[{"start":{"line":30,"column":13},"end":{"line":31,"column":null}},{"start":{},"end":{}}],"line":30},"3":{"loc":{"start":{"line":41,"column":1},"end":{"line":41,"column":31}},"type":"default-arg","locations":[{"start":{"line":41,"column":29},"end":{"line":41,"column":31}}],"line":41},"4":{"loc":{"start":{"line":43,"column":9},"end":{"line":43,"column":33}},"type":"default-arg","locations":[{"start":{"line":43,"column":20},"end":{"line":43,"column":33}}],"line":43},"5":{"loc":{"start":{"line":45,"column":1},"end":{"line":71,"column":null}},"type":"if","locations":[{"start":{"line":45,"column":1},"end":{"line":71,"column":null}},{"start":{},"end":{}}],"line":45},"6":{"loc":{"start":{"line":46,"column":2},"end":{"line":48,"column":null}},"type":"if","locations":[{"start":{"line":46,"column":2},"end":{"line":48,"column":null}},{"start":{},"end":{}}],"line":46},"7":{"loc":{"start":{"line":51,"column":2},"end":{"line":60,"column":null}},"type":"if","locations":[{"start":{"line":51,"column":2},"end":{"line":60,"column":null}},{"start":{},"end":{}}],"line":51},"8":{"loc":{"start":{"line":64,"column":2},"end":{"line":67,"column":null}},"type":"if","locations":[{"start":{"line":64,"column":2},"end":{"line":67,"column":null}},{"start":{},"end":{}}],"line":64},"9":{"loc":{"start":{"line":82,"column":1},"end":{"line":82,"column":31}},"type":"default-arg","locations":[{"start":{"line":82,"column":29},"end":{"line":82,"column":31}}],"line":82},"10":{"loc":{"start":{"line":84,"column":9},"end":{"line":84,"column":33}},"type":"default-arg","locations":[{"start":{"line":84,"column":20},"end":{"line":84,"column":33}}],"line":84},"11":{"loc":{"start":{"line":88,"column":1},"end":{"line":101,"column":null}},"type":"if","locations":[{"start":{"line":88,"column":1},"end":{"line":101,"column":null}},{"start":{},"end":{}}],"line":88},"12":{"loc":{"start":{"line":89,"column":2},"end":{"line":91,"column":null}},"type":"if","locations":[{"start":{"line":89,"column":2},"end":{"line":91,"column":null}},{"start":{},"end":{}}],"line":89},"13":{"loc":{"start":{"line":94,"column":2},"end":{"line":97,"column":null}},"type":"if","locations":[{"start":{"line":94,"column":2},"end":{"line":97,"column":null}},{"start":{},"end":{}}],"line":94}},"s":{"0":6,"1":6,"2":7,"3":7,"4":7,"5":1,"6":6,"7":6,"8":6,"9":0,"10":0,"11":0,"12":0,"13":0,"14":0,"15":0,"16":0,"17":0,"18":0,"19":0,"20":0,"21":0,"22":0,"23":0,"24":0,"25":0,"26":0,"27":0,"28":0,"29":0,"30":0,"31":0,"32":0,"33":0,"34":0,"35":0,"36":0,"37":0,"38":0,"39":0,"40":0,"41":0,"42":0,"43":0,"44":0,"45":0,"46":0,"47":0,"48":0},"f":{"0":6,"1":0,"2":0},"b":{"0":[1,6],"1":[7,2,2,1,1,1],"2":[6,0],"3":[0],"4":[0],"5":[0,0],"6":[0,0],"7":[0,0],"8":[0,0],"9":[0],"10":[0],"11":[0,0],"12":[0,0],"13":[0,0]},"meta":{"lastBranch":14,"lastFunction":3,"lastStatement":49,"seen":{"f:11:16:11:61":0,"s:12:16:12:29":0,"s:14:1:31:Infinity":1,"s:15:22:15:Infinity":2,"s:16:22:16:Infinity":3,"b:18:2:31:Infinity:30:13:31:Infinity":0,"s:18:2:31:Infinity":4,"b:19:3:19:Infinity:20:3:20:Infinity:21:3:21:30:22:3:22:Infinity:23:3:23:Infinity:24:3:24:30":1,"s:26:3:29:Infinity":5,"b:30:13:31:Infinity:undefined:undefined:undefined:undefined":2,"s:30:13:31:Infinity":6,"s:31:3:31:Infinity":7,"s:35:1:35:Infinity":8,"f:38:22:38:Infinity":1,"b:41:29:41:31":3,"s:43:33:43:Infinity":9,"b:43:20:43:33":4,"b:45:1:71:Infinity:undefined:undefined:undefined:undefined":5,"s:45:1:71:Infinity":10,"b:46:2:48:Infinity:undefined:undefined:undefined:undefined":6,"s:46:2:48:Infinity":11,"s:47:3:47:Infinity":12,"s:48:3:48:Infinity":13,"b:51:2:60:Infinity:undefined:undefined:undefined:undefined":7,"s:51:2:60:Infinity":14,"s:52:3:60:Infinity":15,"s:53:22:53:46":16,"s:54:19:54:47":17,"s:55:4:55:Infinity":18,"s:56:4:56:Infinity":19,"s:57:4:57:Infinity":20,"s:59:4:59:Infinity":21,"s:60:4:60:Infinity":22,"b:64:2:67:Infinity:undefined:undefined:undefined:undefined":8,"s:64:2:67:Infinity":23,"s:65:3:65:Infinity":24,"s:66:3:66:Infinity":25,"s:67:3:67:Infinity":26,"s:70:2:70:Infinity":27,"s:71:2:71:Infinity":28,"s:74:1:74:Infinity":29,"s:75:1:75:Infinity":30,"s:76:1:76:Infinity":31,"f:79:22:79:Infinity":2,"b:82:29:82:31":9,"s:84:33:84:Infinity":32,"b:84:20:84:33":10,"s:85:34:85:Infinity":33,"s:86:21:86:Infinity":34,"b:88:1:101:Infinity:undefined:undefined:undefined:undefined":11,"s:88:1:101:Infinity":35,"b:89:2:91:Infinity:undefined:undefined:undefined:undefined":12,"s:89:2:91:Infinity":36,"s:90:3:90:Infinity":37,"s:91:3:91:Infinity":38,"b:94:2:97:Infinity:undefined:undefined:undefined:undefined":13,"s:94:2:97:Infinity":39,"s:95:3:95:Infinity":40,"s:96:3:96:Infinity":41,"s:97:3:97:Infinity":42,"s:100:2:100:Infinity":43,"s:101:2:101:Infinity":44,"s:104:1:104:Infinity":45,"s:105:1:105:Infinity":46,"s:106:1:106:Infinity":47,"s:107:1:107:Infinity":48}}}
,"/Users/eric/dev/oxcinit/src/utils/index.ts": {"path":"/Users/eric/dev/oxcinit/src/utils/index.ts","statementMap":{},"fnMap":{},"branchMap":{},"s":{},"f":{},"b":{},"meta":{"lastBranch":0,"lastFunction":0,"lastStatement":0,"seen":{}}}
,"/Users/eric/dev/oxcinit/src/utils/logger.ts": {"path":"/Users/eric/dev/oxcinit/src/utils/logger.ts","statementMap":{"0":{"start":{"line":3,"column":22},"end":{"line":27,"column":null}},"1":{"start":{"line":5,"column":2},"end":{"line":5,"column":null}},"2":{"start":{"line":8,"column":2},"end":{"line":8,"column":null}},"3":{"start":{"line":11,"column":2},"end":{"line":11,"column":null}},"4":{"start":{"line":14,"column":2},"end":{"line":14,"column":null}},"5":{"start":{"line":17,"column":2},"end":{"line":17,"column":null}},"6":{"start":{"line":20,"column":2},"end":{"line":20,"column":null}},"7":{"start":{"line":21,"column":2},"end":{"line":21,"column":null}},"8":{"start":{"line":22,"column":2},"end":{"line":22,"column":null}},"9":{"start":{"line":25,"column":2},"end":{"line":25,"column":null}}},"fnMap":{"0":{"name":"(anonymous_0)","decl":{"start":{"line":4,"column":1},"end":{"line":4,"column":8}},"loc":{"start":{"line":4,"column":34},"end":{"line":5,"column":null}},"line":4},"1":{"name":"(anonymous_1)","decl":{"start":{"line":7,"column":1},"end":{"line":7,"column":11}},"loc":{"start":{"line":7,"column":37},"end":{"line":8,"column":null}},"line":7},"2":{"name":"(anonymous_2)","decl":{"start":{"line":10,"column":1},"end":{"line":10,"column":11}},"loc":{"start":{"line":10,"column":37},"end":{"line":11,"column":null}},"line":10},"3":{"name":"(anonymous_3)","decl":{"start":{"line":13,"column":1},"end":{"line":13,"column":9}},"loc":{"start":{"line":13,"column":35},"end":{"line":14,"column":null}},"line":13},"4":{"name":"(anonymous_4)","decl":{"start":{"line":16,"column":1},"end":{"line":16,"column":8}},"loc":{"start":{"line":16,"column":34},"end":{"line":17,"column":null}},"line":16},"5":{"name":"(anonymous_5)","decl":{"start":{"line":19,"column":1},"end":{"line":19,"column":9}},"loc":{"start":{"line":19,"column":35},"end":{"line":22,"column":null}},"line":19},"6":{"name":"(anonymous_6)","decl":{"start":{"line":24,"column":1},"end":{"line":24,"column":22}},"loc":{"start":{"line":24,"column":22},"end":{"line":25,"column":null}},"line":24}},"branchMap":{},"s":{"0":3,"1":0,"2":0,"3":0,"4":0,"5":0,"6":0,"7":0,"8":0,"9":0},"f":{"0":0,"1":0,"2":0,"3":0,"4":0,"5":0,"6":0},"b":{},"meta":{"lastBranch":0,"lastFunction":7,"lastStatement":10,"seen":{"s:3:22:27:Infinity":0,"f:4:1:4:8":0,"s:5:2:5:Infinity":1,"f:7:1:7:11":1,"s:8:2:8:Infinity":2,"f:10:1:10:11":2,"s:11:2:11:Infinity":3,"f:13:1:13:9":3,"s:14:2:14:Infinity":4,"f:16:1:16:8":4,"s:17:2:17:Infinity":5,"f:19:1:19:9":5,"s:20:2:20:Infinity":6,"s:21:2:21:Infinity":7,"s:22:2:22:Infinity":8,"f:24:1:24:22":6,"s:25:2:25:Infinity":9}}}
,"/Users/eric/dev/oxcinit/src/utils/package-manager.ts": {"path":"/Users/eric/dev/oxcinit/src/utils/package-manager.ts","statementMap":{"0":{"start":{"line":9,"column":1},"end":{"line":13,"column":null}},"1":{"start":{"line":10,"column":13},"end":{"line":10,"column":34}},"2":{"start":{"line":11,"column":2},"end":{"line":11,"column":null}},"3":{"start":{"line":13,"column":2},"end":{"line":13,"column":null}},"4":{"start":{"line":18,"column":1},"end":{"line":24,"column":null}},"5":{"start":{"line":20,"column":3},"end":{"line":20,"column":null}},"6":{"start":{"line":22,"column":3},"end":{"line":22,"column":null}},"7":{"start":{"line":24,"column":3},"end":{"line":24,"column":null}},"8":{"start":{"line":29,"column":1},"end":{"line":35,"column":null}},"9":{"start":{"line":31,"column":3},"end":{"line":31,"column":null}},"10":{"start":{"line":33,"column":3},"end":{"line":33,"column":null}},"11":{"start":{"line":35,"column":3},"end":{"line":35,"column":null}}},"fnMap":{"0":{"name":"detectPackageManager","decl":{"start":{"line":8,"column":22},"end":{"line":8,"column":43}},"loc":{"start":{"line":8,"column":81},"end":{"line":13,"column":null}},"line":8},"1":{"name":"getInstallCommand","decl":{"start":{"line":17,"column":16},"end":{"line":17,"column":34}},"loc":{"start":{"line":17,"column":90},"end":{"line":24,"column":null}},"line":17},"2":{"name":"getRunCommand","decl":{"start":{"line":28,"column":16},"end":{"line":28,"column":30}},"loc":{"start":{"line":28,"column":70},"end":{"line":35,"column":null}},"line":28}},"branchMap":{"0":{"loc":{"start":{"line":11,"column":9},"end":{"line":11,"column":null}},"type":"binary-expr","locations":[{"start":{"line":11,"column":9},"end":{"line":11,"column":15}},{"start":{"line":11,"column":15},"end":{"line":11,"column":null}}],"line":11},"1":{"loc":{"start":{"line":17,"column":66},"end":{"line":17,"column":90}},"type":"default-arg","locations":[{"start":{"line":17,"column":74},"end":{"line":17,"column":90}}],"line":17},"2":{"loc":{"start":{"line":18,"column":1},"end":{"line":24,"column":null}},"type":"switch","locations":[{"start":{"line":19,"column":2},"end":{"line":20,"column":null}},{"start":{"line":21,"column":2},"end":{"line":22,"column":null}},{"start":{"line":23,"column":2},"end":{"line":24,"column":null}}],"line":18},"3":{"loc":{"start":{"line":20,"column":22},"end":{"line":20,"column":42}},"type":"cond-expr","locations":[{"start":{"line":20,"column":30},"end":{"line":20,"column":37}},{"start":{"line":20,"column":37},"end":{"line":20,"column":42}}],"line":20},"4":{"loc":{"start":{"line":22,"column":18},"end":{"line":22,"column":36}},"type":"cond-expr","locations":[{"start":{"line":22,"column":26},"end":{"line":22,"column":33}},{"start":{"line":22,"column":33},"end":{"line":22,"column":36}}],"line":22},"5":{"loc":{"start":{"line":29,"column":1},"end":{"line":35,"column":null}},"type":"switch","locations":[{"start":{"line":30,"column":2},"end":{"line":31,"column":null}},{"start":{"line":32,"column":2},"end":{"line":33,"column":null}},{"start":{"line":34,"column":2},"end":{"line":35,"column":null}}],"line":29}},"s":{"0":0,"1":0,"2":0,"3":0,"4":0,"5":0,"6":0,"7":0,"8":0,"9":0,"10":0,"11":0},"f":{"0":0,"1":0,"2":0},"b":{"0":[0,0],"1":[0],"2":[0,0,0],"3":[0,0],"4":[0,0],"5":[0,0,0]},"meta":{"lastBranch":6,"lastFunction":3,"lastStatement":12,"seen":{"f:8:22:8:43":0,"s:9:1:13:Infinity":0,"s:10:13:10:34":1,"s:11:2:11:Infinity":2,"b:11:9:11:15:11:15:11:Infinity":0,"s:13:2:13:Infinity":3,"f:17:16:17:34":1,"b:17:74:17:90":1,"b:19:2:20:Infinity:21:2:22:Infinity:23:2:24:Infinity":2,"s:18:1:24:Infinity":4,"s:20:3:20:Infinity":5,"b:20:30:20:37:20:37:20:42":3,"s:22:3:22:Infinity":6,"b:22:26:22:33:22:33:22:36":4,"s:24:3:24:Infinity":7,"f:28:16:28:30":2,"b:30:2:31:Infinity:32:2:33:Infinity:34:2:35:Infinity":5,"s:29:1:35:Infinity":8,"s:31:3:31:Infinity":9,"s:33:3:33:Infinity":10,"s:35:3:35:Infinity":11}}}
}
